#
# There is insufficient memory for the Java Runtime Environment to continue.
# Native memory allocation (mmap) failed to map 132120576 bytes for G1 virtual space
# Possible reasons:
#   The system is out of physical RAM or swap space
#   The process is running with CompressedOops enabled, and the Java Heap may be blocking the growth of the native heap
# Possible solutions:
#   Reduce memory load on the system
#   Increase physical memory or swap space
#   Check if swap backing store is full
#   Decrease Java heap size (-Xmx/-Xms)
#   Decrease number of Java threads
#   Decrease Java thread stack sizes (-Xss)
#   Set larger code cache with -XX:ReservedCodeCacheSize=
#   JVM is running with Unscaled Compressed Oops mode in which the Java heap is
#     placed in the first 4GB address space. The Java Heap base address is the
#     maximum limit for the native heap growth. Please use -XX:HeapBaseMinAddress
#     to set the Java Heap base and to place the Java Heap above 4GB virtual address.
# This output file may be truncated or incomplete.
#
#  Out of Memory Error (os_windows.cpp:3532), pid=8744, tid=19540
#
# JRE version:  (17.0.2+8) (build )
# Java VM: OpenJDK 64-Bit Server VM (17.0.2+8, mixed mode, sharing, tiered, compressed oops, compressed class ptrs, g1 gc, windows-amd64)
# No core dump will be written. Minidumps are not enabled by default on client versions of Windows
#

---------------  S U M M A R Y ------------

Command Line: -Dfile.encoding=Cp1252 -XX:+ShowCodeDetailsInExceptionMessages principal.Principal

Host: Intel(R) Core(TM) i5-8265U CPU @ 1.60GHz, 8 cores, 7G,  Windows 11 , 64 bit Build 22000 (10.0.22000.708)
Time: Thu Nov  3 17:31:05 2022 Hora estándar de Montevideo elapsed time: 0.028767 seconds (0d 0h 0m 0s)

---------------  T H R E A D  ---------------

Current thread (0x00000178ca4d1c70):  JavaThread "Unknown thread" [_thread_in_vm, id=19540, stack(0x0000005b76d00000,0x0000005b76e00000)]

Stack: [0x0000005b76d00000,0x0000005b76e00000]
Native frames: (J=compiled Java code, j=interpreted, Vv=VM code, C=native code)
V  [jvm.dll+0x67564a]
V  [jvm.dll+0x82fc04]
V  [jvm.dll+0x8313ae]
V  [jvm.dll+0x831a13]
V  [jvm.dll+0x245235]
V  [jvm.dll+0x672539]
V  [jvm.dll+0x666e82]
V  [jvm.dll+0x30401b]
V  [jvm.dll+0x30b566]
V  [jvm.dll+0x35b1fe]
V  [jvm.dll+0x35b42f]
V  [jvm.dll+0x2daf58]
V  [jvm.dll+0x2dbec4]
V  [jvm.dll+0x801881]
V  [jvm.dll+0x368f81]
V  [jvm.dll+0x7e0cdc]
V  [jvm.dll+0x3eb8bf]
V  [jvm.dll+0x3ed441]
C  [jli.dll+0x5277]
C  [ucrtbase.dll+0x26c0c]
C  [KERNEL32.DLL+0x154e0]
C  [ntdll.dll+0x485b]


---------------  P R O C E S S  ---------------

Threads class SMR info:
_java_thread_list=0x00007ffc9c9f5e98, length=0, elements={
}

Java Threads: ( => current thread )

Other Threads:
  0x00000178ca512d10 GCTaskThread "GC Thread#0" [stack: 0x0000005b76e00000,0x0000005b76f00000] [id=3416]
  0x00000178ca524950 ConcurrentGCThread "G1 Main Marker" [stack: 0x0000005b76f00000,0x0000005b77000000] [id=12520]
  0x00000178ca5269b0 ConcurrentGCThread "G1 Conc#0" [stack: 0x0000005b77000000,0x0000005b77100000] [id=18728]

[error occurred during error reporting (printing all threads), id 0xc0000005, EXCEPTION_ACCESS_VIOLATION (0xc0000005) at pc=0x00007ffc9c1cb9d7]

VM state: not at safepoint (not fully initialized)

VM Mutex/Monitor currently owned by a thread:  ([mutex/lock_event])
[0x00000178ca4ccc50] Heap_lock - owner thread: 0x00000178ca4d1c70

Heap address: 0x0000000082400000, size: 2012 MB, Compressed Oops mode: 32-bit

CDS archive(s) mapped at: [0x0000000000000000-0x0000000000000000-0x0000000000000000), size 0, SharedBaseAddress: 0x0000000800000000, ArchiveRelocationMode: 0.
Narrow klass base: 0x0000000000000000, Narrow klass shift: 0, Narrow klass range: 0x0

GC Precious Log:
<Empty>

Heap:
 garbage-first heap   total 0K, used 0K [0x0000000082400000, 0x0000000100000000)
  region size 1024K, 0 young (0K), 0 survivors (0K)

[error occurred during error reporting (printing heap information), id 0xc0000005, EXCEPTION_ACCESS_VIOLATION (0xc0000005) at pc=0x00007ffc9c5ae899]

GC Heap History (0 events):
No events

Deoptimization events (0 events):
No events

Classes unloaded (0 events):
No events

Classes redefined (0 events):
No events

Internal exceptions (0 events):
No events

VM Operations (0 events):
No events

Events (1 events):
Event: 0.014 Loaded shared library C:\Users\crist\Desktop\LTI UTEC\Semestre 1\1- Terminadas\Fundamentos de la Programacion Orientada a Objetos\Eclipse\plugins\org.eclipse.justj.openjdk.hotspot.jre.full.win32.x86_64_17.0.2.v20220201-1208\jre\bin\java.dll


Dynamic libraries:
0x00007ff7e1260000 - 0x00007ff7e126e000 	C:\Users\crist\Desktop\LTI UTEC\Semestre 1\1- Terminadas\Fundamentos de la Programacion Orientada a Objetos\Eclipse\plugins\org.eclipse.justj.openjdk.hotspot.jre.full.win32.x86_64_17.0.2.v20220201-1208\jre\bin\javaw.exe
0x00007ffd36f60000 - 0x00007ffd37169000 	C:\WINDOWS\SYSTEM32\ntdll.dll
0x00007ffcee260000 - 0x00007ffcee277000 	C:\Program Files\Avast Software\Avast\aswhook.dll
0x00007ffd36320000 - 0x00007ffd363dd000 	C:\WINDOWS\System32\KERNEL32.DLL
0x00007ffd34430000 - 0x00007ffd347ab000 	C:\WINDOWS\System32\KERNELBASE.dll
0x00007ffd34a60000 - 0x00007ffd34b71000 	C:\WINDOWS\System32\ucrtbase.dll
0x00007ffd16280000 - 0x00007ffd16298000 	C:\Users\crist\Desktop\LTI UTEC\Semestre 1\1- Terminadas\Fundamentos de la Programacion Orientada a Objetos\Eclipse\plugins\org.eclipse.justj.openjdk.hotspot.jre.full.win32.x86_64_17.0.2.v20220201-1208\jre\bin\jli.dll
0x00007ffd162a0000 - 0x00007ffd162b9000 	C:\Users\crist\Desktop\LTI UTEC\Semestre 1\1- Terminadas\Fundamentos de la Programacion Orientada a Objetos\Eclipse\plugins\org.eclipse.justj.openjdk.hotspot.jre.full.win32.x86_64_17.0.2.v20220201-1208\jre\bin\VCRUNTIME140.dll
0x00007ffd35f00000 - 0x00007ffd360ad000 	C:\WINDOWS\System32\USER32.dll
0x00007ffd13960000 - 0x00007ffd13c05000 	C:\WINDOWS\WinSxS\amd64_microsoft.windows.common-controls_6595b64144ccf1df_6.0.22000.120_none_9d947278b86cc467\COMCTL32.dll
0x00007ffd34970000 - 0x00007ffd34996000 	C:\WINDOWS\System32\win32u.dll
0x00007ffd360b0000 - 0x00007ffd36153000 	C:\WINDOWS\System32\msvcrt.dll
0x00007ffd34de0000 - 0x00007ffd34e09000 	C:\WINDOWS\System32\GDI32.dll
0x00007ffd34850000 - 0x00007ffd34968000 	C:\WINDOWS\System32\gdi32full.dll
0x00007ffd347b0000 - 0x00007ffd3484d000 	C:\WINDOWS\System32\msvcp_win.dll
0x00007ffd36760000 - 0x00007ffd36791000 	C:\WINDOWS\System32\IMM32.DLL
0x00007ffd18a30000 - 0x00007ffd18a3c000 	C:\Users\crist\Desktop\LTI UTEC\Semestre 1\1- Terminadas\Fundamentos de la Programacion Orientada a Objetos\Eclipse\plugins\org.eclipse.justj.openjdk.hotspot.jre.full.win32.x86_64_17.0.2.v20220201-1208\jre\bin\vcruntime140_1.dll
0x00007ffce49d0000 - 0x00007ffce4a61000 	C:\Users\crist\Desktop\LTI UTEC\Semestre 1\1- Terminadas\Fundamentos de la Programacion Orientada a Objetos\Eclipse\plugins\org.eclipse.justj.openjdk.hotspot.jre.full.win32.x86_64_17.0.2.v20220201-1208\jre\bin\msvcp140.dll
0x00007ffc9bee0000 - 0x00007ffc9cb27000 	C:\Users\crist\Desktop\LTI UTEC\Semestre 1\1- Terminadas\Fundamentos de la Programacion Orientada a Objetos\Eclipse\plugins\org.eclipse.justj.openjdk.hotspot.jre.full.win32.x86_64_17.0.2.v20220201-1208\jre\bin\server\jvm.dll
0x00007ffd35e50000 - 0x00007ffd35efe000 	C:\WINDOWS\System32\ADVAPI32.dll
0x00007ffd36880000 - 0x00007ffd3691e000 	C:\WINDOWS\System32\sechost.dll
0x00007ffd369b0000 - 0x00007ffd36ad0000 	C:\WINDOWS\System32\RPCRT4.dll
0x00007ffd36ad0000 - 0x00007ffd36ad8000 	C:\WINDOWS\System32\PSAPI.DLL
0x00007ffd1e8b0000 - 0x00007ffd1e8b9000 	C:\WINDOWS\SYSTEM32\WSOCK32.dll
0x00007ffd2b060000 - 0x00007ffd2b093000 	C:\WINDOWS\SYSTEM32\WINMM.dll
0x00007ffd2a140000 - 0x00007ffd2a14a000 	C:\WINDOWS\SYSTEM32\VERSION.dll
0x00007ffd35970000 - 0x00007ffd359df000 	C:\WINDOWS\System32\WS2_32.dll
0x00007ffd33470000 - 0x00007ffd33488000 	C:\WINDOWS\SYSTEM32\kernel.appcore.dll
0x00007ffd22310000 - 0x00007ffd2231a000 	C:\Users\crist\Desktop\LTI UTEC\Semestre 1\1- Terminadas\Fundamentos de la Programacion Orientada a Objetos\Eclipse\plugins\org.eclipse.justj.openjdk.hotspot.jre.full.win32.x86_64_17.0.2.v20220201-1208\jre\bin\jimage.dll
0x00007ffd2c6b0000 - 0x00007ffd2c8d1000 	C:\WINDOWS\SYSTEM32\DBGHELP.DLL
0x00007ffd22f10000 - 0x00007ffd22f41000 	C:\WINDOWS\SYSTEM32\dbgcore.DLL
0x00007ffd34bf0000 - 0x00007ffd34c6f000 	C:\WINDOWS\System32\bcryptPrimitives.dll
0x00007ffd21ba0000 - 0x00007ffd21bc5000 	C:\Users\crist\Desktop\LTI UTEC\Semestre 1\1- Terminadas\Fundamentos de la Programacion Orientada a Objetos\Eclipse\plugins\org.eclipse.justj.openjdk.hotspot.jre.full.win32.x86_64_17.0.2.v20220201-1208\jre\bin\java.dll

dbghelp: loaded successfully - version: 4.0.5 - missing functions: none
symbol engine: initialized successfully - sym options: 0x614 - pdb path: .;C:\Users\crist\Desktop\LTI UTEC\Semestre 1\1- Terminadas\Fundamentos de la Programacion Orientada a Objetos\Eclipse\plugins\org.eclipse.justj.openjdk.hotspot.jre.full.win32.x86_64_17.0.2.v20220201-1208\jre\bin;C:\WINDOWS\SYSTEM32;C:\Program Files\Avast Software\Avast;C:\WINDOWS\WinSxS\amd64_microsoft.windows.common-controls_6595b64144ccf1df_6.0.22000.120_none_9d947278b86cc467;C:\Users\crist\Desktop\LTI UTEC\Semestre 1\1- Terminadas\Fundamentos de la Programacion Orientada a Objetos\Eclipse\plugins\org.eclipse.justj.openjdk.hotspot.jre.full.win32.x86_64_17.0.2.v20220201-1208\jre\bin\server

VM Arguments:
jvm_args: -Dfile.encoding=Cp1252 -XX:+ShowCodeDetailsInExceptionMessages 
java_command: principal.Principal
java_class_path (initial): C:\Users\crist\Desktop\LTI UTEC\Semestre 1\Fundamentos de la Programacion Orientada a Objetos\Eclipse\.metadata\EjerEnterpriseClient\bin;C:\Users\crist\Desktop\wildfly-26.1.2.Final\modules\system\layers\base\org\hibernate\main\hibernate-core-5.3.28.Final.jar;C:\Users\crist\Desktop\wildfly-26.1.2.Final\bin\client\jboss-client.jar;C:\Users\crist\Desktop\LTI UTEC\Semestre 1\Fundamentos de la Programacion Orientada a Objetos\Eclipse\.metadata\EjerEnterpriseEJB\build\classes;C:\Users\crist\Desktop\wildfly-26.1.2.Final\modules\system\layers\base\javax\activation\api\main\jakarta.activation-1.2.2.jar;C:\Users\crist\Desktop\wildfly-26.1.2.Final\modules\system\layers\base\javax\annotation\api\main\jboss-annotations-api_1.3_spec-2.0.1.Final.jar;C:\Users\crist\Desktop\wildfly-26.1.2.Final\modules\system\layers\base\javax\ejb\api\main\jboss-ejb-api_3.2_spec-2.0.0.Final.jar;C:\Users\crist\Desktop\wildfly-26.1.2.Final\modules\system\layers\base\javax\el\api\main\jboss-el-api_3.0_spec-2.0.0.Final.jar;C:\Users\crist\Desktop\wildfly-26.1.2.Final\modules\system\layers\base\javax\enterprise\api\main\jakarta.enterprise.cdi-api-2.0.2.jar;C:\Users\crist\Desktop\wildfly-26.1.2.Final\modules\system\layers\base\javax\faces\api\main\jboss-jsf-api_2.3_spec-3.1.0.SP01.jar;C:\Users\crist\Desktop\wildfly-26.1.2.Final\modules\system\layers\base\javax\inject\api\main\jakarta.inject-api-1.0.5.jar;C:\Users\crist\Desktop\wildfly-26.1.2.Final\modules\system\layers\base\javax\interceptor\api\main\jboss-interceptors-api_1.2_spec-2.0.0.Final.jar;C:\Users\crist\Desktop\wildfly-26.1.2.Final\modules\system\layers\base\javax\jms\api\main\jboss-jms-api_2.0_spec-2.0.0.Final.jar;C:\Users\crist\Desktop\wildfly-26.1.2.Final\modules\system\layers\base\javax\jws\api\main\jsr181-api-1.0-MR1.jar;C:\Users\crist\Desktop\wildfly-26.1.2.Final\modules\system\layers\base\javax\mail\api\main\jakarta.mail-1.6.7.jar;C:\Users\crist\Desktop\wildfly-26.1.2.Final\modules\system\layers\base\javax\manag
Launcher Type: SUN_STANDARD

[Global flags]
     intx CICompilerCount                          = 4                                         {product} {ergonomic}
     uint ConcGCThreads                            = 2                                         {product} {ergonomic}
     uint G1ConcRefinementThreads                  = 8                                         {product} {ergonomic}
   size_t G1HeapRegionSize                         = 1048576                                   {product} {ergonomic}
    uintx GCDrainStackTargetSize                   = 64                                        {product} {ergonomic}
   size_t InitialHeapSize                          = 132120576                                 {product} {ergonomic}
   size_t MarkStackSize                            = 4194304                                   {product} {ergonomic}
   size_t MaxHeapSize                              = 2109734912                                {product} {ergonomic}
   size_t MinHeapDeltaBytes                        = 1048576                                   {product} {ergonomic}
   size_t MinHeapSize                              = 8388608                                   {product} {ergonomic}
    uintx NonNMethodCodeHeapSize                   = 5839372                                {pd product} {ergonomic}
    uintx NonProfiledCodeHeapSize                  = 122909434                              {pd product} {ergonomic}
    uintx ProfiledCodeHeapSize                     = 122909434                              {pd product} {ergonomic}
    uintx ReservedCodeCacheSize                    = 251658240                              {pd product} {ergonomic}
     bool SegmentedCodeCache                       = true                                      {product} {ergonomic}
     bool ShowCodeDetailsInExceptionMessages       = true                                   {manageable} {command line}
   size_t SoftMaxHeapSize                          = 2109734912                             {manageable} {ergonomic}
     bool UseCompressedClassPointers               = true                           {product lp64_product} {ergonomic}
     bool UseCompressedOops                        = true                           {product lp64_product} {ergonomic}
     bool UseG1GC                                  = true                                      {product} {ergonomic}
     bool UseLargePagesIndividualAllocation        = false                                  {pd product} {ergonomic}

Logging:
Log output configuration:
 #0: stdout all=warning uptime,level,tags
 #1: stderr all=off uptime,level,tags

Environment Variables:
JAVA_HOME=C:\Program Files\Java\jdk-17.0.3.1
PATH=C:/Users/crist/Desktop/LTI UTEC/Semestre 1/1- Terminadas/Fundamentos de la Programacion Orientada a Objetos/Eclipse//plugins/org.eclipse.justj.openjdk.hotspot.jre.full.win32.x86_64_17.0.2.v20220201-1208/jre/bin/server;C:/Users/crist/Desktop/LTI UTEC/Semestre 1/1- Terminadas/Fundamentos de la Programacion Orientada a Objetos/Eclipse//plugins/org.eclipse.justj.openjdk.hotspot.jre.full.win32.x86_64_17.0.2.v20220201-1208/jre/bin;C:\app\crist\product\18.0.0\dbhomeXE\bin;C:\WINDOWS\system32;C:\WINDOWS;C:\WINDOWS\System32\Wbem;C:\WINDOWS\System32\WindowsPowerShell\v1.0\;C:\WINDOWS\System32\OpenSSH\;C:\Program Files\Git\cmd;C:\Program Files\Java\jdk-11\bin;C:\Program Files\Common Files\Oracle\Java\javapath;C:\Program Files (x86)\Common Files\Oracle\Java\javapath;C:\Program Files\nodejs\;C:\Program Files\Common Files\Oracle\Java\javapath;C:\Users\crist\AppData\Local\Microsoft\WindowsApps;C:\Users\crist\AppData\Local\Programs\Microsoft VS Code\bin;C:\Program Files\Java\jdk-11;C:\Users\crist\AppData\Roaming\npm;C:\Program Files\sfdx\bin;C:\Users\crist\Desktop\LTI UTEC\Semestre 1\1- Terminadas\Fundamentos de la Programacion Orientada a Objetos\Eclipse;
USERNAME=crist
OS=Windows_NT
PROCESSOR_IDENTIFIER=Intel64 Family 6 Model 142 Stepping 11, GenuineIntel



---------------  S Y S T E M  ---------------

OS:
 Windows 11 , 64 bit Build 22000 (10.0.22000.708)
OS uptime: 2 days 7:27 hours
Hyper-V role detected

CPU: total 8 (initial active 8) (4 cores per cpu, 2 threads per core) family 6 model 142 stepping 11 microcode 0xde, cx8, cmov, fxsr, ht, mmx, 3dnowpref, sse, sse2, sse3, ssse3, sse4.1, sse4.2, popcnt, lzcnt, tsc, tscinvbit, avx, avx2, aes, erms, clmul, bmi1, bmi2, adx, fma, vzeroupper, clflush, clflushopt, hv

Memory: 4k page, system-wide physical 8043M (679M free)
TotalPageFile size 15999M (AvailPageFile size 90M)
current process WorkingSet (physical memory assigned to process): 10M, peak: 10M
current process commit charge ("private bytes"): 60M, peak: 186M

vm_info: OpenJDK 64-Bit Server VM (17.0.2+8) for windows-amd64 JRE (17.0.2+8), built on Jan 20 2022 04:52:34 by "" with MS VC++ 16.7 (VS2019)

END.
